<?xml version="1.0" encoding="UTF-8"?>
<!-- Generated by org.testng.reporters.JUnitReportReporter -->
<testsuite hostname="SC-IN-37QVGS3" failures="0" tests="1" name="Application" time="2.948" errors="0" timestamp="2024-05-15T11:51:24 IST" skipped="0">
  <testcase classname="Application" name="launch" time="2.948"/>
</testsuite> <!-- Application -->
